[ 2013-10-18T19:08:02+08:00 ] 127.0.0.1 /install.php
INFO: [ app_begin ] --START--
INFO: Run ReadHtmlCache Behavior [ RunTime:0.001608s ]
INFO: [ app_begin ] --END-- [ RunTime:0.001869s ]
NOTIC: [8] A session had already been started - ignoring session_start() F:\wamp\www\fzxy\ThinkPHP\Common\functions.php 第 566 行.
INFO: [ view_template ] --START--
INFO: Run LocationTemplate Behavior [ RunTime:0.001939s ]
INFO: [ view_template ] --END-- [ RunTime:0.002185s ]
INFO: [ view_parse ] --START--
INFO: Run ParseTemplate Behavior [ RunTime:0.027567s ]
INFO: [ view_parse ] --END-- [ RunTime:0.027805s ]
INFO: [ view_filter ] --START--
INFO: Run ContentReplace Behavior [ RunTime:0.001310s ]
INFO: Run TokenBuild Behavior [ RunTime:0.001302s ]
INFO: Run WriteHtmlCache Behavior [ RunTime:0.000907s ]
INFO: Run ShowRuntime Behavior [ RunTime:0.002512s ]
INFO: [ view_filter ] --END-- [ RunTime:0.006636s ]
INFO: [ view_end ] --START--
INFO: Run ShowPageTrace Behavior [ RunTime:0.002114s ]
INFO: [ view_end ] --END-- [ RunTime:0.002336s ]

[ 2013-10-18T19:25:10+08:00 ] 127.0.0.1 /install.php
INFO: [ app_begin ] --START--
INFO: Run ReadHtmlCache Behavior [ RunTime:0.001771s ]
INFO: [ app_begin ] --END-- [ RunTime:0.002050s ]
NOTIC: [8] A session had already been started - ignoring session_start() F:\wamp\www\fzxy\ThinkPHP\Common\functions.php 第 566 行.
INFO: [ view_template ] --START--
INFO: Run LocationTemplate Behavior [ RunTime:0.002386s ]
INFO: [ view_template ] --END-- [ RunTime:0.002637s ]
INFO: [ view_parse ] --START--
INFO: Run ParseTemplate Behavior [ RunTime:0.013773s ]
INFO: [ view_parse ] --END-- [ RunTime:0.014011s ]
INFO: [ view_filter ] --START--
INFO: Run ContentReplace Behavior [ RunTime:0.003058s ]
INFO: Run TokenBuild Behavior [ RunTime:0.001228s ]
INFO: Run WriteHtmlCache Behavior [ RunTime:0.000903s ]
INFO: Run ShowRuntime Behavior [ RunTime:0.001297s ]
INFO: [ view_filter ] --END-- [ RunTime:0.007144s ]
INFO: [ view_end ] --START--
INFO: Run ShowPageTrace Behavior [ RunTime:0.001379s ]
INFO: [ view_end ] --END-- [ RunTime:0.001597s ]

[ 2013-10-18T19:25:12+08:00 ] 127.0.0.1 /install.php/Index/install/step/1
INFO: [ route_check ] --START--
INFO: Run CheckRoute Behavior [ RunTime:0.034563s ]
INFO: [ route_check ] --END-- [ RunTime:0.034816s ]
INFO: [ app_begin ] --START--
INFO: Run ReadHtmlCache Behavior [ RunTime:0.001354s ]
INFO: [ app_begin ] --END-- [ RunTime:0.001589s ]
NOTIC: [8] A session had already been started - ignoring session_start() F:\wamp\www\fzxy\ThinkPHP\Common\functions.php 第 566 行.
NOTIC: 建议使用I方法替代_get
NOTIC: [2] fopen(App/_dedet.txt): failed to open stream: No such file or directory F:\wamp\www\fzxy\Install\Lib\Action\IndexAction.class.php 第 337 行.
NOTIC: [2] fopen(Common/_dedet.txt): failed to open stream: No such file or directory F:\wamp\www\fzxy\Install\Lib\Action\IndexAction.class.php 第 337 行.
INFO: [ view_template ] --START--
INFO: Run LocationTemplate Behavior [ RunTime:0.001706s ]
INFO: [ view_template ] --END-- [ RunTime:0.001931s ]
INFO: [ view_parse ] --START--
NOTIC: [8] Undefined variable: s_lang F:\wamp\www\fzxy\Install\Runtime\Cache\87a47085e35556dc3204de01c62ee454.php 第 4 行.
INFO: Run ParseTemplate Behavior [ RunTime:0.175735s ]
INFO: [ view_parse ] --END-- [ RunTime:0.175944s ]
INFO: [ view_filter ] --START--
INFO: Run ContentReplace Behavior [ RunTime:0.001152s ]
INFO: Run TokenBuild Behavior [ RunTime:0.001047s ]
INFO: Run WriteHtmlCache Behavior [ RunTime:0.001591s ]
INFO: Run ShowRuntime Behavior [ RunTime:0.001183s ]
INFO: [ view_filter ] --END-- [ RunTime:0.005622s ]
INFO: [ view_end ] --START--
INFO: Run ShowPageTrace Behavior [ RunTime:0.001266s ]
INFO: [ view_end ] --END-- [ RunTime:0.001491s ]

[ 2013-10-18T19:25:15+08:00 ] 127.0.0.1 /install.php/Index/install/step/2
INFO: [ route_check ] --START--
INFO: Run CheckRoute Behavior [ RunTime:0.001386s ]
INFO: [ route_check ] --END-- [ RunTime:0.001631s ]
INFO: [ app_begin ] --START--
INFO: Run ReadHtmlCache Behavior [ RunTime:0.001307s ]
INFO: [ app_begin ] --END-- [ RunTime:0.001540s ]
NOTIC: [8] A session had already been started - ignoring session_start() F:\wamp\www\fzxy\ThinkPHP\Common\functions.php 第 566 行.
NOTIC: 建议使用I方法替代_get
NOTIC: [8] Use of undefined constant _ - assumed '_' F:\wamp\www\fzxy\Install\Lib\Action\IndexAction.class.php 第 65 行.
INFO: [ view_template ] --START--
INFO: Run LocationTemplate Behavior [ RunTime:0.001171s ]
INFO: [ view_template ] --END-- [ RunTime:0.001422s ]
INFO: [ view_parse ] --START--
NOTIC: [8] Undefined variable: s_lang F:\wamp\www\fzxy\Install\Runtime\Cache\3408f6ad4ffc3e79a8293ef096cbd320.php 第 4 行.
INFO: Run ParseTemplate Behavior [ RunTime:0.174062s ]
INFO: [ view_parse ] --END-- [ RunTime:0.174287s ]
INFO: [ view_filter ] --START--
INFO: Run ContentReplace Behavior [ RunTime:0.000870s ]
INFO: Run TokenBuild Behavior [ RunTime:0.000853s ]
INFO: Run WriteHtmlCache Behavior [ RunTime:0.000821s ]
INFO: Run ShowRuntime Behavior [ RunTime:0.002174s ]
INFO: [ view_filter ] --END-- [ RunTime:0.005332s ]
INFO: [ view_end ] --START--
INFO: Run ShowPageTrace Behavior [ RunTime:0.001551s ]
INFO: [ view_end ] --END-- [ RunTime:0.001767s ]

[ 2013-10-18T19:25:15+08:00 ] 127.0.0.1 /install.php/Index/install/include/dedeajax2.js
INFO: [ route_check ] --START--
INFO: Run CheckRoute Behavior [ RunTime:0.001841s ]
INFO: [ route_check ] --END-- [ RunTime:0.002087s ]
INFO: [ app_begin ] --START--
INFO: Run ReadHtmlCache Behavior [ RunTime:0.001751s ]
INFO: [ app_begin ] --END-- [ RunTime:0.002001s ]
NOTIC: [8] A session had already been started - ignoring session_start() F:\wamp\www\fzxy\ThinkPHP\Common\functions.php 第 566 行.
NOTIC: 建议使用I方法替代_get

[ 2013-10-18T19:25:29+08:00 ] 127.0.0.1 /install.php/Index/dbconnect?dbhost=localhost&dbuser=root&dbpwd=&dbname=dswjooo
INFO: [ route_check ] --START--
INFO: Run CheckRoute Behavior [ RunTime:0.001839s ]
INFO: [ route_check ] --END-- [ RunTime:0.002090s ]
INFO: [ app_begin ] --START--
INFO: Run ReadHtmlCache Behavior [ RunTime:0.001537s ]
INFO: [ app_begin ] --END-- [ RunTime:0.001721s ]
NOTIC: [8] A session had already been started - ignoring session_start() F:\wamp\www\fzxy\ThinkPHP\Common\functions.php 第 566 行.
NOTIC: 建议使用I方法替代_get
NOTIC: 建议使用I方法替代_get
NOTIC: 建议使用I方法替代_get
NOTIC: 建议使用I方法替代_get

[ 2013-10-18T19:25:36+08:00 ] 127.0.0.1 /install.php/Index/install/step/3
INFO: [ route_check ] --START--
INFO: Run CheckRoute Behavior [ RunTime:0.001763s ]
INFO: [ route_check ] --END-- [ RunTime:0.002008s ]
INFO: [ app_begin ] --START--
INFO: Run ReadHtmlCache Behavior [ RunTime:0.002250s ]
INFO: [ app_begin ] --END-- [ RunTime:0.002488s ]
NOTIC: [8] A session had already been started - ignoring session_start() F:\wamp\www\fzxy\ThinkPHP\Common\functions.php 第 566 行.
NOTIC: 建议使用I方法替代_get
NOTIC: 建议使用I方法替代_post
NOTIC: 建议使用I方法替代_post
NOTIC: 建议使用I方法替代_post
NOTIC: 建议使用I方法替代_post
NOTIC: 建议使用I方法替代_post
NOTIC: 建议使用I方法替代_post
NOTIC: 建议使用I方法替代_post
NOTIC: 建议使用I方法替代_post
NOTIC: 建议使用I方法替代_post
NOTIC: 建议使用I方法替代_post

